2022-04-20 10:58:38,212  INFO [main] TestBase:43 - Properties file reading done: ./src/test/resources/config/config.properties
2022-04-20 10:58:39,016  INFO [main] WebDriverManager:632 - Using chromedriver 100.0.4896.60 (resolved driver for Chrome 100)
2022-04-20 10:58:39,026  INFO [main] WebDriverManager:689 - Exporting webdriver.chrome.driver as C:\Users\Ahmad\.cache\selenium\chromedriver\win32\100.0.4896.60\chromedriver.exe
2022-04-20 10:58:40,041  INFO [main] TestBase:56 - Opening Browser [chrome] with url [http://automationpractice.com/index.php]
2022-04-20 10:58:51,008  INFO [main] PageBase:78 - Element matching this locator [By.xpath: //a[contains(text(),'Sign in')]] is Clickable.
2022-04-20 10:58:52,764  INFO [main] PageBase:103 - Click on element locator: By.xpath: //a[contains(text(),'Sign in')]
2022-04-20 10:58:52,791  INFO [main] PageBase:67 - Element matching this locator [ By.name: email_create ] is visible
2022-04-20 10:58:52,857  INFO [main] PageBase:91 - Type Islam614@yahoo.com
2022-04-20 10:58:52,880  INFO [main] PageBase:78 - Element matching this locator [By.name: SubmitCreate] is Clickable.
2022-04-20 10:58:52,914  INFO [main] PageBase:103 - Click on element locator: By.name: SubmitCreate
2022-04-20 10:58:57,962 ERROR [main] PageBase:70 - Element matching this locator [ By.id: id_state ] is not visible
2022-04-20 10:58:58,018  INFO [main] PageBase:140 - Select Alaska : from drop down list
2022-04-20 10:59:03,104 ERROR [main] PageBase:70 - Element matching this locator [ By.id: id_country ] is not visible
2022-04-20 10:59:03,134  INFO [main] PageBase:140 - Select United States : from drop down list
2022-04-20 10:59:03,150  INFO [main] PageBase:67 - Element matching this locator [ By.name: customer_firstname ] is visible
2022-04-20 10:59:03,220  INFO [main] PageBase:91 - Type Islam
2022-04-20 10:59:03,241  INFO [main] PageBase:67 - Element matching this locator [ By.name: customer_lastname ] is visible
2022-04-20 10:59:03,303  INFO [main] PageBase:91 - Type Magdy
2022-04-20 10:59:03,320  INFO [main] PageBase:67 - Element matching this locator [ By.name: passwd ] is visible
2022-04-20 10:59:03,381  INFO [main] PageBase:91 - Type abcdef
2022-04-20 10:59:03,400  INFO [main] PageBase:67 - Element matching this locator [ By.name: firstname ] is visible
2022-04-20 10:59:03,463  INFO [main] PageBase:91 - Type Islam
2022-04-20 10:59:03,491  INFO [main] PageBase:67 - Element matching this locator [ By.name: lastname ] is visible
2022-04-20 10:59:03,564  INFO [main] PageBase:91 - Type Magdy
2022-04-20 10:59:03,583  INFO [main] PageBase:67 - Element matching this locator [ By.name: address1 ] is visible
2022-04-20 10:59:03,646  INFO [main] PageBase:91 - Type adressline
2022-04-20 10:59:03,663  INFO [main] PageBase:67 - Element matching this locator [ By.name: city ] is visible
2022-04-20 10:59:03,725  INFO [main] PageBase:91 - Type City
2022-04-20 10:59:03,743  INFO [main] PageBase:67 - Element matching this locator [ By.id: postcode ] is visible
2022-04-20 10:59:03,807  INFO [main] PageBase:91 - Type 12345
2022-04-20 10:59:03,822  INFO [main] PageBase:67 - Element matching this locator [ By.name: phone_mobile ] is visible
2022-04-20 10:59:03,886  INFO [main] PageBase:91 - Type 123456
2022-04-20 10:59:03,905  INFO [main] PageBase:67 - Element matching this locator [ By.name: alias ] is visible
2022-04-20 10:59:03,969  INFO [main] PageBase:91 - Type adress
2022-04-20 10:59:03,992  INFO [main] PageBase:78 - Element matching this locator [By.xpath: //button[@id='submitAccount']] is Clickable.
2022-04-20 10:59:08,495  INFO [main] PageBase:103 - Click on element locator: By.xpath: //button[@id='submitAccount']
2022-04-20 10:59:08,521  INFO [main] PageBase:67 - Element matching this locator [ By.xpath: //p[contains(text(),'Welcome to your account')] ] is visible
2022-04-20 10:59:08,647  INFO [main] PageBase:56 - Moved to element and clicked successfully performed on the element
2022-04-20 10:59:08,671  INFO [main] PageBase:78 - Element matching this locator [By.xpath: //a[@title="Blouses"]] is Clickable.
2022-04-20 10:59:11,321  INFO [main] PageBase:103 - Click on element locator: By.xpath: //a[@title="Blouses"]
2022-04-20 10:59:11,345  INFO [main] PageBase:78 - Element matching this locator [By.xpath: //h5//a[@title="Blouse"]] is Clickable.
2022-04-20 10:59:13,677  INFO [main] PageBase:103 - Click on element locator: By.xpath: //h5//a[@title="Blouse"]
2022-04-20 10:59:13,702  INFO [main] PageBase:78 - Element matching this locator [By.xpath: //button[@name="Submit"]] is Clickable.
2022-04-20 10:59:13,731  INFO [main] PageBase:103 - Click on element locator: By.xpath: //button[@name="Submit"]
2022-04-20 10:59:15,682  INFO [main] PageBase:78 - Element matching this locator [By.xpath: //a[@title="Proceed to checkout"]] is Clickable.
2022-04-20 10:59:17,514  INFO [main] PageBase:103 - Click on element locator: By.xpath: //a[@title="Proceed to checkout"]
2022-04-20 10:59:17,537  INFO [main] PageBase:78 - Element matching this locator [By.xpath: //a//span[text()="Proceed to checkout"]] is Clickable.
2022-04-20 10:59:18,677  INFO [main] PageBase:103 - Click on element locator: By.xpath: //a//span[text()="Proceed to checkout"]
2022-04-20 10:59:18,705  INFO [main] PageBase:78 - Element matching this locator [By.xpath: //button//span[text()="Proceed to checkout"]] is Clickable.
2022-04-20 10:59:20,112  INFO [main] PageBase:103 - Click on element locator: By.xpath: //button//span[text()="Proceed to checkout"]
2022-04-20 10:59:20,138  INFO [main] PageBase:78 - Element matching this locator [By.xpath: //label[@for="cgv"]] is Clickable.
2022-04-20 10:59:20,167  INFO [main] PageBase:103 - Click on element locator: By.xpath: //label[@for="cgv"]
2022-04-20 10:59:20,188  INFO [main] PageBase:78 - Element matching this locator [By.xpath: //button[@name="processCarrier"]] is Clickable.
2022-04-20 10:59:21,748  INFO [main] PageBase:103 - Click on element locator: By.xpath: //button[@name="processCarrier"]
2022-04-20 10:59:21,771  INFO [main] PageBase:78 - Element matching this locator [By.xpath: //a[@class="bankwire"]] is Clickable.
2022-04-20 10:59:23,407  INFO [main] PageBase:103 - Click on element locator: By.xpath: //a[@class="bankwire"]
2022-04-20 10:59:23,441  INFO [main] PageBase:78 - Element matching this locator [By.xpath: //button//span[text()="I confirm my order"]] is Clickable.
2022-04-20 10:59:25,954  INFO [main] PageBase:103 - Click on element locator: By.xpath: //button//span[text()="I confirm my order"]
2022-04-20 10:59:25,973  INFO [main] PageBase:67 - Element matching this locator [ By.className: box ] is visible
2022-04-20 10:59:25,989  INFO [main] PageBase:42 - Get value for attribute: [ textContent ] is: 
		
			Your order on My Store is complete.
		
		Please send us a bank wire with
		- Amount  $29.00
		- Name of account owner  Pradeep Macharla
		- Include these details  xyz
		- Bank name  RTP
					- Do not forget to insert your order reference LGLPVDTKL in the subject of your bank wire.
				An email has been sent with this information.
		 Your order will be sent as soon as we receive payment.
		If you have questions, comments or concerns, please contact our expert customer support team. .
	
2022-04-20 10:59:26,008  INFO [main] PageBase:78 - Element matching this locator [By.xpath: //a[@title="Back to orders"]] is Clickable.
2022-04-20 10:59:27,371  INFO [main] PageBase:103 - Click on element locator: By.xpath: //a[@title="Back to orders"]
2022-04-20 10:59:27,391  INFO [main] PageBase:67 - Element matching this locator [ By.xpath: //td//a[contains(text(),"LGLPVDTKL")] ] is visible
2022-04-20 10:59:27,391  INFO [main] TestBase:63 - Close Browser
2022-04-20 10:59:27,442  WARN [AsyncHttpClient-1-4] WebSocketHandler:142 - onError
java.net.SocketException: Connection reset
	at java.base/sun.nio.ch.SocketChannelImpl.throwConnectionReset(SocketChannelImpl.java:394)
	at java.base/sun.nio.ch.SocketChannelImpl.read(SocketChannelImpl.java:426)
	at io.netty.buffer.PooledByteBuf.setBytes(PooledByteBuf.java:253)
	at io.netty.buffer.AbstractByteBuf.writeBytes(AbstractByteBuf.java:1134)
	at io.netty.channel.socket.nio.NioSocketChannel.doReadBytes(NioSocketChannel.java:350)
	at io.netty.channel.nio.AbstractNioByteChannel$NioByteUnsafe.read(AbstractNioByteChannel.java:151)
	at io.netty.channel.nio.NioEventLoop.processSelectedKey(NioEventLoop.java:714)
	at io.netty.channel.nio.NioEventLoop.processSelectedKeysOptimized(NioEventLoop.java:650)
	at io.netty.channel.nio.NioEventLoop.processSelectedKeys(NioEventLoop.java:576)
	at io.netty.channel.nio.NioEventLoop.run(NioEventLoop.java:493)
	at io.netty.util.concurrent.SingleThreadEventExecutor$4.run(SingleThreadEventExecutor.java:989)
	at io.netty.util.internal.ThreadExecutorMap$2.run(ThreadExecutorMap.java:74)
	at io.netty.util.concurrent.FastThreadLocalRunnable.run(FastThreadLocalRunnable.java:30)
	at java.base/java.lang.Thread.run(Thread.java:833)
2022-04-21 00:51:51,119  INFO [main] TestBase:43 - Properties file reading done: ./src/test/resources/config/config.properties
2022-04-21 00:52:03,374  INFO [main] WebDriverManager:632 - Using chromedriver 100.0.4896.60 (resolved driver for Chrome 100)
2022-04-21 00:52:03,384  INFO [main] WebDriverManager:689 - Exporting webdriver.chrome.driver as C:\Users\Ahmad\.cache\selenium\chromedriver\win32\100.0.4896.60\chromedriver.exe
2022-04-21 00:52:04,404  INFO [main] TestBase:56 - Opening Browser [chrome] with url [http://automationpractice.com/index.php]
2022-04-21 00:52:17,880  INFO [main] TestBase:63 - Close Browser
2022-04-21 00:52:17,973  WARN [AsyncHttpClient-1-4] WebSocketHandler:142 - onError
java.net.SocketException: Connection reset
	at java.base/sun.nio.ch.SocketChannelImpl.throwConnectionReset(SocketChannelImpl.java:394)
	at java.base/sun.nio.ch.SocketChannelImpl.read(SocketChannelImpl.java:426)
	at io.netty.buffer.PooledByteBuf.setBytes(PooledByteBuf.java:253)
	at io.netty.buffer.AbstractByteBuf.writeBytes(AbstractByteBuf.java:1134)
	at io.netty.channel.socket.nio.NioSocketChannel.doReadBytes(NioSocketChannel.java:350)
	at io.netty.channel.nio.AbstractNioByteChannel$NioByteUnsafe.read(AbstractNioByteChannel.java:151)
	at io.netty.channel.nio.NioEventLoop.processSelectedKey(NioEventLoop.java:714)
	at io.netty.channel.nio.NioEventLoop.processSelectedKeysOptimized(NioEventLoop.java:650)
	at io.netty.channel.nio.NioEventLoop.processSelectedKeys(NioEventLoop.java:576)
	at io.netty.channel.nio.NioEventLoop.run(NioEventLoop.java:493)
	at io.netty.util.concurrent.SingleThreadEventExecutor$4.run(SingleThreadEventExecutor.java:989)
	at io.netty.util.internal.ThreadExecutorMap$2.run(ThreadExecutorMap.java:74)
	at io.netty.util.concurrent.FastThreadLocalRunnable.run(FastThreadLocalRunnable.java:30)
	at java.base/java.lang.Thread.run(Thread.java:833)
